{"message":"Something failed during startup","stack":"Error: Something failed during startup\n    at Object.<anonymous> (C:\\Users\\Tony1\\Desktop\\road-to-node\\VIDLY-APP\\app.js:29:7)\n    at Module._compile (node:internal/modules/cjs/loader:1103:14)\n    at Object.Module._extensions..js (node:internal/modules/cjs/loader:1157:10)\n    at Module.load (node:internal/modules/cjs/loader:981:32)\n    at Function.Module._load (node:internal/modules/cjs/loader:822:12)\n    at Function.executeUserEntryPoint [as runMain] (node:internal/modules/run_main:77:12)\n    at node:internal/main/run_main_module:17:47","level":"error","timestamp":"2022-08-21T20:21:55.813Z"}
{"message":"Something failed miserably","stack":"Error: Something failed miserably\n    at Object.<anonymous> (C:\\Users\\Tony1\\Desktop\\road-to-node\\VIDLY-APP\\app.js:30:27)\n    at Module._compile (node:internal/modules/cjs/loader:1103:14)\n    at Object.Module._extensions..js (node:internal/modules/cjs/loader:1157:10)\n    at Module.load (node:internal/modules/cjs/loader:981:32)\n    at Function.Module._load (node:internal/modules/cjs/loader:822:12)\n    at Function.executeUserEntryPoint [as runMain] (node:internal/modules/run_main:77:12)\n    at node:internal/main/run_main_module:17:47","level":"error","timestamp":"2022-08-21T20:25:06.331Z"}
{"message":"Something failed miserably","stack":"Error: Something failed miserably\n    at Object.<anonymous> (C:\\Users\\Tony1\\Desktop\\road-to-node\\VIDLY-APP\\app.js:30:27)\n    at Module._compile (node:internal/modules/cjs/loader:1103:14)\n    at Object.Module._extensions..js (node:internal/modules/cjs/loader:1157:10)\n    at Module.load (node:internal/modules/cjs/loader:981:32)\n    at Function.Module._load (node:internal/modules/cjs/loader:822:12)\n    at Function.executeUserEntryPoint [as runMain] (node:internal/modules/run_main:77:12)\n    at node:internal/main/run_main_module:17:47","level":"error","timestamp":"2022-08-21T20:59:42.645Z"}
{"message":"Something failed miserably","stack":"Error: Something failed miserably\n    at Object.<anonymous> (C:\\Users\\Tony1\\Desktop\\road-to-node\\VIDLY-APP\\app.js:30:27)\n    at Module._compile (node:internal/modules/cjs/loader:1103:14)\n    at Object.Module._extensions..js (node:internal/modules/cjs/loader:1157:10)\n    at Module.load (node:internal/modules/cjs/loader:981:32)\n    at Function.Module._load (node:internal/modules/cjs/loader:822:12)\n    at Function.executeUserEntryPoint [as runMain] (node:internal/modules/run_main:77:12)\n    at node:internal/main/run_main_module:17:47","level":"error","timestamp":"2022-08-21T21:01:20.578Z"}
{"message":"Something failed miserably","stack":"Error: Something failed miserably\n    at Object.<anonymous> (C:\\Users\\Tony1\\Desktop\\road-to-node\\VIDLY-APP\\app.js:30:27)\n    at Module._compile (node:internal/modules/cjs/loader:1103:14)\n    at Object.Module._extensions..js (node:internal/modules/cjs/loader:1157:10)\n    at Module.load (node:internal/modules/cjs/loader:981:32)\n    at Function.Module._load (node:internal/modules/cjs/loader:822:12)\n    at Function.executeUserEntryPoint [as runMain] (node:internal/modules/run_main:77:12)\n    at node:internal/main/run_main_module:17:47","level":"error","timestamp":"2022-08-21T21:07:10.908Z"}
{"message":"Something failed miserably","stack":"Error: Something failed miserably\n    at Object.<anonymous> (C:\\Users\\Tony1\\Desktop\\road-to-node\\VIDLY-APP\\app.js:35:27)\n    at Module._compile (node:internal/modules/cjs/loader:1103:14)\n    at Object.Module._extensions..js (node:internal/modules/cjs/loader:1157:10)\n    at Module.load (node:internal/modules/cjs/loader:981:32)\n    at Function.Module._load (node:internal/modules/cjs/loader:822:12)\n    at Function.executeUserEntryPoint [as runMain] (node:internal/modules/run_main:77:12)\n    at node:internal/main/run_main_module:17:47","level":"error","timestamp":"2022-08-21T21:07:48.354Z"}
{"message":"Something failed miserably","stack":"Error: Something failed miserably\n    at Object.<anonymous> (C:\\Users\\Tony1\\Desktop\\road-to-node\\VIDLY-APP\\app.js:35:27)\n    at Module._compile (node:internal/modules/cjs/loader:1103:14)\n    at Object.Module._extensions..js (node:internal/modules/cjs/loader:1157:10)\n    at Module.load (node:internal/modules/cjs/loader:981:32)\n    at Function.Module._load (node:internal/modules/cjs/loader:822:12)\n    at Function.executeUserEntryPoint [as runMain] (node:internal/modules/run_main:77:12)\n    at node:internal/main/run_main_module:17:47","level":"error","timestamp":"2022-08-21T21:07:48.355Z"}
{"message":"Something failed miserably","stack":"Error: Something failed miserably\n    at Object.<anonymous> (C:\\Users\\Tony1\\Desktop\\road-to-node\\VIDLY-APP\\app.js:32:27)\n    at Module._compile (node:internal/modules/cjs/loader:1103:14)\n    at Object.Module._extensions..js (node:internal/modules/cjs/loader:1157:10)\n    at Module.load (node:internal/modules/cjs/loader:981:32)\n    at Function.Module._load (node:internal/modules/cjs/loader:822:12)\n    at Function.executeUserEntryPoint [as runMain] (node:internal/modules/run_main:77:12)\n    at node:internal/main/run_main_module:17:47","level":"error","timestamp":"2022-08-21T21:08:06.188Z"}
{"message":"Something failed miserably","stack":"Error: Something failed miserably\n    at Object.<anonymous> (C:\\Users\\Tony1\\Desktop\\road-to-node\\VIDLY-APP\\app.js:32:27)\n    at Module._compile (node:internal/modules/cjs/loader:1103:14)\n    at Object.Module._extensions..js (node:internal/modules/cjs/loader:1157:10)\n    at Module.load (node:internal/modules/cjs/loader:981:32)\n    at Function.Module._load (node:internal/modules/cjs/loader:822:12)\n    at Function.executeUserEntryPoint [as runMain] (node:internal/modules/run_main:77:12)\n    at node:internal/main/run_main_module:17:47","level":"error","timestamp":"2022-08-21T21:08:10.779Z"}
{"level":"error","message":"","timestamp":"2022-08-21T21:09:45.904Z"}
{"message":"Something failed miserably","stack":"Error: Something failed miserably\n    at Object.<anonymous> (C:\\Users\\Tony1\\Desktop\\road-to-node\\VIDLY-APP\\app.js:35:26)\n    at Module._compile (node:internal/modules/cjs/loader:1103:14)\n    at Object.Module._extensions..js (node:internal/modules/cjs/loader:1157:10)\n    at Module.load (node:internal/modules/cjs/loader:981:32)\n    at Function.Module._load (node:internal/modules/cjs/loader:822:12)\n    at Function.executeUserEntryPoint [as runMain] (node:internal/modules/run_main:77:12)\n    at node:internal/main/run_main_module:17:47","level":"error","timestamp":"2022-08-21T21:09:53.136Z"}
{"message":"Something failed miserably","stack":"Error: Something failed miserably\n    at Object.<anonymous> (C:\\Users\\Tony1\\Desktop\\road-to-node\\VIDLY-APP\\app.js:35:26)\n    at Module._compile (node:internal/modules/cjs/loader:1103:14)\n    at Object.Module._extensions..js (node:internal/modules/cjs/loader:1157:10)\n    at Module.load (node:internal/modules/cjs/loader:981:32)\n    at Function.Module._load (node:internal/modules/cjs/loader:822:12)\n    at Function.executeUserEntryPoint [as runMain] (node:internal/modules/run_main:77:12)\n    at node:internal/main/run_main_module:17:47","level":"error","timestamp":"2022-08-21T21:49:08.664Z"}
{"message":"Something failed miserably","stack":"Error: Something failed miserably\n    at Object.<anonymous> (C:\\Users\\Tony1\\Desktop\\road-to-node\\VIDLY-APP\\app.js:36:26)\n    at Module._compile (node:internal/modules/cjs/loader:1103:14)\n    at Object.Module._extensions..js (node:internal/modules/cjs/loader:1157:10)\n    at Module.load (node:internal/modules/cjs/loader:981:32)\n    at Function.Module._load (node:internal/modules/cjs/loader:822:12)\n    at Function.executeUserEntryPoint [as runMain] (node:internal/modules/run_main:77:12)\n    at node:internal/main/run_main_module:17:47","level":"error","timestamp":"2022-08-21T21:49:10.879Z"}
{"message":"Something failed miserably","stack":"Error: Something failed miserably\n    at Object.<anonymous> (C:\\Users\\Tony1\\Desktop\\road-to-node\\VIDLY-APP\\app.js:36:26)\n    at Module._compile (node:internal/modules/cjs/loader:1103:14)\n    at Object.Module._extensions..js (node:internal/modules/cjs/loader:1157:10)\n    at Module.load (node:internal/modules/cjs/loader:981:32)\n    at Function.Module._load (node:internal/modules/cjs/loader:822:12)\n    at Function.executeUserEntryPoint [as runMain] (node:internal/modules/run_main:77:12)\n    at node:internal/main/run_main_module:17:47","level":"error","timestamp":"2022-08-21T21:49:20.364Z"}
{"message":"Something failed miserably","stack":"Error: Something failed miserably\n    at Object.<anonymous> (C:\\Users\\Tony1\\Desktop\\road-to-node\\VIDLY-APP\\app.js:36:26)\n    at Module._compile (node:internal/modules/cjs/loader:1103:14)\n    at Object.Module._extensions..js (node:internal/modules/cjs/loader:1157:10)\n    at Module.load (node:internal/modules/cjs/loader:981:32)\n    at Function.Module._load (node:internal/modules/cjs/loader:822:12)\n    at Function.executeUserEntryPoint [as runMain] (node:internal/modules/run_main:77:12)\n    at node:internal/main/run_main_module:17:47","level":"error","timestamp":"2022-08-21T21:49:23.212Z"}
{"message":"Something failed miserably","stack":"Error: Something failed miserably\n    at Object.<anonymous> (C:\\Users\\Tony1\\Desktop\\road-to-node\\VIDLY-APP\\app.js:36:26)\n    at Module._compile (node:internal/modules/cjs/loader:1103:14)\n    at Object.Module._extensions..js (node:internal/modules/cjs/loader:1157:10)\n    at Module.load (node:internal/modules/cjs/loader:981:32)\n    at Function.Module._load (node:internal/modules/cjs/loader:822:12)\n    at Function.executeUserEntryPoint [as runMain] (node:internal/modules/run_main:77:12)\n    at node:internal/main/run_main_module:17:47","level":"error","timestamp":"2022-08-21T21:49:25.839Z"}
{"message":"Something failed miserably","stack":"Error: Something failed miserably\n    at Object.<anonymous> (C:\\Users\\Tony1\\Desktop\\road-to-node\\VIDLY-APP\\app.js:37:26)\n    at Module._compile (node:internal/modules/cjs/loader:1103:14)\n    at Object.Module._extensions..js (node:internal/modules/cjs/loader:1157:10)\n    at Module.load (node:internal/modules/cjs/loader:981:32)\n    at Function.Module._load (node:internal/modules/cjs/loader:822:12)\n    at Function.executeUserEntryPoint [as runMain] (node:internal/modules/run_main:77:12)\n    at node:internal/main/run_main_module:17:47","level":"error","timestamp":"2022-08-21T21:49:30.091Z"}
{"message":"Something failed miserably","stack":"Error: Something failed miserably\n    at Object.<anonymous> (C:\\Users\\Tony1\\Desktop\\road-to-node\\VIDLY-APP\\app.js:36:26)\n    at Module._compile (node:internal/modules/cjs/loader:1103:14)\n    at Object.Module._extensions..js (node:internal/modules/cjs/loader:1157:10)\n    at Module.load (node:internal/modules/cjs/loader:981:32)\n    at Function.Module._load (node:internal/modules/cjs/loader:822:12)\n    at Function.executeUserEntryPoint [as runMain] (node:internal/modules/run_main:77:12)\n    at node:internal/main/run_main_module:17:47","level":"error","timestamp":"2022-08-21T21:49:32.761Z"}
{"message":"Something failed miserably","stack":"Error: Something failed miserably\n    at Object.<anonymous> (C:\\Users\\Tony1\\Desktop\\road-to-node\\VIDLY-APP\\app.js:38:26)\n    at Module._compile (node:internal/modules/cjs/loader:1103:14)\n    at Object.Module._extensions..js (node:internal/modules/cjs/loader:1157:10)\n    at Module.load (node:internal/modules/cjs/loader:981:32)\n    at Function.Module._load (node:internal/modules/cjs/loader:822:12)\n    at Function.executeUserEntryPoint [as runMain] (node:internal/modules/run_main:77:12)\n    at node:internal/main/run_main_module:17:47","level":"error","timestamp":"2022-08-21T21:50:02.331Z"}
{"message":"Something failed miserably","stack":"Error: Something failed miserably\n    at Object.<anonymous> (C:\\Users\\Tony1\\Desktop\\road-to-node\\VIDLY-APP\\app.js:38:26)\n    at Module._compile (node:internal/modules/cjs/loader:1103:14)\n    at Object.Module._extensions..js (node:internal/modules/cjs/loader:1157:10)\n    at Module.load (node:internal/modules/cjs/loader:981:32)\n    at Function.Module._load (node:internal/modules/cjs/loader:822:12)\n    at Function.executeUserEntryPoint [as runMain] (node:internal/modules/run_main:77:12)\n    at node:internal/main/run_main_module:17:47","level":"error","timestamp":"2022-08-21T21:50:09.112Z"}
{"message":"Something failed miserably","stack":"Error: Something failed miserably\n    at Object.<anonymous> (C:\\Users\\Tony1\\Desktop\\road-to-node\\VIDLY-APP\\app.js:38:26)\n    at Module._compile (node:internal/modules/cjs/loader:1103:14)\n    at Object.Module._extensions..js (node:internal/modules/cjs/loader:1157:10)\n    at Module.load (node:internal/modules/cjs/loader:981:32)\n    at Function.Module._load (node:internal/modules/cjs/loader:822:12)\n    at Function.executeUserEntryPoint [as runMain] (node:internal/modules/run_main:77:12)\n    at node:internal/main/run_main_module:17:47","level":"error","timestamp":"2022-08-21T21:50:11.222Z"}
{"level":"info","message":"Connected to the database","timestamp":"2022-08-22T17:14:58.080Z"}
{"level":"info","message":"Connected to the database","timestamp":"2022-08-22T17:16:04.368Z"}
{"level":"info","message":"Connected to the database","timestamp":"2022-08-22T17:18:32.838Z"}
{"level":"info","message":"Connected to the database","timestamp":"2022-08-22T17:19:25.636Z"}
{"level":"info","message":"Listening on port 5000","timestamp":"2022-08-23T08:13:05.567Z"}
{"level":"info","message":"Connected to the database","timestamp":"2022-08-23T08:13:05.603Z"}
{"level":"info","message":"Listening on port 5000","timestamp":"2022-08-23T08:20:02.426Z"}
{"level":"info","message":"Connected to the database","timestamp":"2022-08-23T08:20:02.471Z"}
{"level":"info","message":"Listening on port 5000","timestamp":"2022-08-23T08:21:40.855Z"}
{"level":"info","message":"Connected to the database","timestamp":"2022-08-23T08:21:40.911Z"}
{"level":"info","message":"Listening on port 5000","timestamp":"2022-08-23T08:21:44.016Z"}
{"level":"info","message":"Connected to the database","timestamp":"2022-08-23T08:21:44.056Z"}
{"level":"info","message":"Listening on port 5000","timestamp":"2022-08-23T08:22:51.911Z"}
{"level":"info","message":"Connected to the database","timestamp":"2022-08-23T08:22:51.964Z"}
{"level":"info","message":"Listening on port 5000","timestamp":"2022-08-23T08:22:54.382Z"}
{"level":"info","message":"Connected to the database","timestamp":"2022-08-23T08:22:54.426Z"}
{"level":"info","message":"Listening on port 5000","timestamp":"2022-08-23T08:47:15.642Z"}
{"level":"info","message":"Connected to the database","timestamp":"2022-08-23T08:47:15.682Z"}
{"level":"info","message":"Listening on port 5000","timestamp":"2022-08-23T08:47:21.910Z"}
{"level":"info","message":"Connected to the database","timestamp":"2022-08-23T08:47:21.958Z"}
{"level":"info","message":"Listening on port 5000","timestamp":"2022-08-23T08:47:34.030Z"}
{"level":"info","message":"Connected to the database","timestamp":"2022-08-23T08:47:34.085Z"}
{"level":"info","message":"Listening on port 5000","timestamp":"2022-08-23T08:47:41.556Z"}
{"level":"info","message":"Connected to the database","timestamp":"2022-08-23T08:47:41.598Z"}
{"level":"info","message":"Listening on port 5000","timestamp":"2022-08-23T08:47:43.148Z"}
{"level":"info","message":"Connected to the database","timestamp":"2022-08-23T08:47:43.181Z"}
{"level":"info","message":"Listening on port 5000","timestamp":"2022-08-23T08:47:49.395Z"}
{"level":"info","message":"Connected to the database","timestamp":"2022-08-23T08:47:49.429Z"}
{"level":"info","message":"Listening on port 5000","timestamp":"2022-08-23T08:47:52.916Z"}
{"level":"info","message":"Connected to the database","timestamp":"2022-08-23T08:47:52.953Z"}
{"level":"info","message":"Listening on port 5000","timestamp":"2022-08-23T08:47:54.974Z"}
{"level":"info","message":"Connected to the database","timestamp":"2022-08-23T08:47:55.010Z"}
{"level":"info","message":"Listening on port 5000","timestamp":"2022-08-23T08:48:00.063Z"}
{"level":"info","message":"Connected to the database","timestamp":"2022-08-23T08:48:00.099Z"}
{"level":"info","message":"Listening on port 5000","timestamp":"2022-08-23T08:48:01.601Z"}
{"level":"info","message":"Connected to the database","timestamp":"2022-08-23T08:48:01.638Z"}
{"level":"info","message":"Listening on port 5000","timestamp":"2022-08-23T08:48:20.099Z"}
{"level":"info","message":"Connected to the database","timestamp":"2022-08-23T08:48:20.179Z"}
{"level":"info","message":"Listening on port 5000","timestamp":"2022-08-23T08:48:22.973Z"}
{"level":"info","message":"Connected to the database","timestamp":"2022-08-23T08:48:23.028Z"}
{"level":"info","message":"Listening on port 5000","timestamp":"2022-08-23T08:48:26.810Z"}
{"level":"info","message":"Connected to the database","timestamp":"2022-08-23T08:48:26.846Z"}
{"level":"info","message":"Listening on port 5000","timestamp":"2022-08-28T15:11:35.923Z"}
{"level":"info","message":"Connected to the mongodb://localhost/vidly...","timestamp":"2022-08-28T15:11:35.957Z"}
{"level":"info","message":"Listening on port 5000","timestamp":"2022-08-28T17:18:12.669Z"}
{"level":"info","message":"Connected to the mongodb://localhost/vidly_tests...","timestamp":"2022-08-28T17:18:12.708Z"}
{"level":"info","message":"Connected to the mongodb://localhost/vidly_tests...","timestamp":"2022-08-28T20:35:03.851Z"}
{"level":"info","message":"Listening on port 5000","timestamp":"2022-08-28T20:46:45.076Z"}
{"level":"info","message":"Connected to the mongodb://localhost/vidly_tests...","timestamp":"2022-08-28T20:46:45.132Z"}
{"level":"info","message":"Listening on port 5000","timestamp":"2022-08-28T20:54:14.097Z"}
{"level":"info","message":"Connected to the mongodb://localhost/vidly_tests...","timestamp":"2022-08-28T20:54:14.169Z"}
{"level":"info","message":"Listening on port 5000","timestamp":"2022-08-28T20:54:40.214Z"}
{"level":"info","message":"Connected to the mongodb://localhost/vidly_tests...","timestamp":"2022-08-28T20:54:40.272Z"}
{"level":"info","message":"Listening on port 5000","timestamp":"2022-08-28T20:54:54.265Z"}
{"level":"info","message":"Connected to the mongodb://localhost/vidly_tests...","timestamp":"2022-08-28T20:54:54.306Z"}
{"level":"info","message":"Listening on port 5000","timestamp":"2022-08-28T20:55:02.659Z"}
{"level":"info","message":"Connected to the mongodb://localhost/vidly_tests...","timestamp":"2022-08-28T20:55:02.704Z"}
{"level":"info","message":"Listening on port 5000","timestamp":"2022-08-28T20:55:27.768Z"}
{"level":"info","message":"Connected to the mongodb://localhost/vidly_tests...","timestamp":"2022-08-28T20:55:27.807Z"}
{"level":"info","message":"Listening on port 5000","timestamp":"2022-08-28T20:56:58.062Z"}
{"level":"info","message":"Connected to the mongodb://localhost/vidly_tests...","timestamp":"2022-08-28T20:56:58.100Z"}
{"level":"info","message":"Listening on port 5000","timestamp":"2022-08-28T20:57:11.861Z"}
{"level":"info","message":"Connected to the mongodb://localhost/vidly_tests...","timestamp":"2022-08-28T20:57:11.920Z"}
{"level":"info","message":"Listening on port 5000","timestamp":"2022-08-28T20:57:17.035Z"}
{"level":"info","message":"Connected to the mongodb://localhost/vidly_tests...","timestamp":"2022-08-28T20:57:17.095Z"}
{"level":"info","message":"Listening on port 5000","timestamp":"2022-08-28T20:57:23.165Z"}
{"level":"info","message":"Connected to the mongodb://localhost/vidly_tests...","timestamp":"2022-08-28T20:57:23.213Z"}
{"level":"info","message":"Listening on port 5000","timestamp":"2022-08-28T21:02:30.845Z"}
{"level":"info","message":"Connected to the mongodb://localhost/vidly_tests...","timestamp":"2022-08-28T21:02:30.891Z"}
{"level":"info","message":"Listening on port 5000","timestamp":"2022-08-28T21:02:59.737Z"}
{"level":"info","message":"Connected to the mongodb://localhost/vidly_tests...","timestamp":"2022-08-28T21:02:59.782Z"}
{"level":"info","message":"Listening on port 5000","timestamp":"2022-08-28T21:03:06.606Z"}
{"level":"info","message":"Connected to the mongodb://localhost/vidly_tests...","timestamp":"2022-08-28T21:03:06.664Z"}
{"level":"info","message":"Listening on port 5000","timestamp":"2022-08-28T21:03:10.776Z"}
{"level":"info","message":"Connected to the mongodb://localhost/vidly_tests...","timestamp":"2022-08-28T21:03:10.841Z"}
{"level":"info","message":"Listening on port 5000","timestamp":"2022-08-28T21:03:23.476Z"}
{"level":"info","message":"Connected to the mongodb://localhost/vidly_tests...","timestamp":"2022-08-28T21:03:23.516Z"}
{"level":"info","message":"Listening on port 5000","timestamp":"2022-08-28T21:03:27.481Z"}
{"level":"info","message":"Connected to the mongodb://localhost/vidly_tests...","timestamp":"2022-08-28T21:03:27.525Z"}
{"level":"info","message":"Listening on port 5000","timestamp":"2022-08-28T21:05:25.128Z"}
{"level":"info","message":"Connected to the mongodb://localhost/vidly_tests...","timestamp":"2022-08-28T21:05:25.160Z"}
{"level":"info","message":"Listening on port 5000","timestamp":"2022-08-28T21:06:13.126Z"}
{"level":"info","message":"Connected to the mongodb://localhost/vidly_tests...","timestamp":"2022-08-28T21:06:13.181Z"}
{"level":"info","message":"Listening on port 5000","timestamp":"2022-08-28T21:06:18.922Z"}
{"level":"info","message":"Connected to the mongodb://localhost/vidly_tests...","timestamp":"2022-08-28T21:06:18.965Z"}
{"level":"info","message":"Listening on port 5000","timestamp":"2022-08-28T21:06:22.693Z"}
{"level":"info","message":"Connected to the mongodb://localhost/vidly_tests...","timestamp":"2022-08-28T21:06:22.726Z"}
{"level":"info","message":"Listening on port 5000","timestamp":"2022-08-28T21:06:28.579Z"}
{"level":"info","message":"Connected to the mongodb://localhost/vidly_tests...","timestamp":"2022-08-28T21:06:28.618Z"}
{"level":"info","message":"Listening on port 5000","timestamp":"2022-08-28T21:22:26.139Z"}
{"level":"info","message":"Connected to the mongodb://localhost/vidly_tests...","timestamp":"2022-08-28T21:22:26.172Z"}
{"level":"info","message":"Listening on port 5000","timestamp":"2022-08-28T21:24:19.133Z"}
{"level":"info","message":"Connected to the mongodb://localhost/vidly_tests...","timestamp":"2022-08-28T21:24:19.163Z"}
{"level":"info","message":"Listening on port 5000","timestamp":"2022-08-28T21:28:10.708Z"}
{"level":"info","message":"Connected to the mongodb://localhost/vidly_tests...","timestamp":"2022-08-28T21:28:10.741Z"}
{"level":"info","message":"Listening on port 5000","timestamp":"2022-08-28T21:28:16.922Z"}
{"level":"info","message":"Connected to the mongodb://localhost/vidly_tests...","timestamp":"2022-08-28T21:28:16.961Z"}
{"level":"info","message":"Listening on port 5000","timestamp":"2022-08-28T21:28:24.470Z"}
{"level":"info","message":"Connected to the mongodb://localhost/vidly_tests...","timestamp":"2022-08-28T21:28:24.502Z"}
{"level":"info","message":"Listening on port 5000","timestamp":"2022-08-28T21:29:15.156Z"}
{"level":"info","message":"Connected to the mongodb://localhost/vidly_tests...","timestamp":"2022-08-28T21:29:15.190Z"}
{"level":"info","message":"Listening on port 5000","timestamp":"2022-08-28T21:29:20.533Z"}
{"level":"info","message":"Connected to the mongodb://localhost/vidly_tests...","timestamp":"2022-08-28T21:29:20.562Z"}
{"level":"info","message":"Listening on port 5000","timestamp":"2022-08-28T21:30:02.163Z"}
{"level":"info","message":"Connected to the mongodb://localhost/vidly_tests...","timestamp":"2022-08-28T21:30:02.193Z"}
{"level":"info","message":"Listening on port 5000","timestamp":"2022-08-28T21:30:11.146Z"}
{"level":"info","message":"Connected to the mongodb://localhost/vidly_tests...","timestamp":"2022-08-28T21:30:11.176Z"}
{"level":"info","message":"Listening on port 5000","timestamp":"2022-08-28T21:31:48.930Z"}
{"level":"info","message":"Connected to the mongodb://localhost/vidly_tests...","timestamp":"2022-08-28T21:31:48.962Z"}
{"level":"info","message":"Listening on port 5000","timestamp":"2022-08-28T21:33:06.518Z"}
{"level":"info","message":"Connected to the mongodb://localhost/vidly_tests...","timestamp":"2022-08-28T21:33:06.558Z"}
{"level":"info","message":"Listening on port 5000","timestamp":"2022-08-28T21:33:11.382Z"}
{"level":"info","message":"Connected to the mongodb://localhost/vidly_tests...","timestamp":"2022-08-28T21:33:11.414Z"}
{"level":"info","message":"Listening on port 5000","timestamp":"2022-08-28T21:53:55.369Z"}
{"level":"info","message":"Connected to the mongodb://localhost/vidly_tests...","timestamp":"2022-08-28T21:53:55.403Z"}
{"level":"info","message":"Listening on port 5000","timestamp":"2022-08-28T21:54:01.602Z"}
{"level":"info","message":"Connected to the mongodb://localhost/vidly_tests...","timestamp":"2022-08-28T21:54:01.634Z"}
{"level":"info","message":"Listening on port 5000","timestamp":"2022-08-28T21:54:10.492Z"}
{"level":"info","message":"Connected to the mongodb://localhost/vidly_tests...","timestamp":"2022-08-28T21:54:10.537Z"}
{"level":"info","message":"Listening on port 5000","timestamp":"2022-08-28T21:54:23.047Z"}
{"level":"info","message":"Connected to the mongodb://localhost/vidly_tests...","timestamp":"2022-08-28T21:54:23.084Z"}
{"level":"info","message":"Listening on port 5000","timestamp":"2022-08-28T21:54:35.906Z"}
{"level":"info","message":"Connected to the mongodb://localhost/vidly_tests...","timestamp":"2022-08-28T21:54:35.940Z"}
{"level":"info","message":"Listening on port 5000","timestamp":"2022-08-28T21:55:08.371Z"}
{"level":"info","message":"Connected to the mongodb://localhost/vidly_tests...","timestamp":"2022-08-28T21:55:08.404Z"}
{"level":"info","message":"Listening on port 5000","timestamp":"2022-08-28T21:55:12.455Z"}
{"level":"info","message":"Connected to the mongodb://localhost/vidly_tests...","timestamp":"2022-08-28T21:55:12.498Z"}
{"level":"info","message":"Listening on port 5000","timestamp":"2022-08-28T21:55:16.439Z"}
{"level":"info","message":"Connected to the mongodb://localhost/vidly_tests...","timestamp":"2022-08-28T21:55:16.475Z"}
{"level":"info","message":"Listening on port 5000","timestamp":"2022-08-29T07:31:53.152Z"}
{"level":"info","message":"Connected to the mongodb://localhost/vidly...","timestamp":"2022-08-29T07:31:53.185Z"}
{"level":"info","message":"Listening on port 5000","timestamp":"2022-08-29T08:04:17.717Z"}
{"level":"info","message":"Connected to the mongodb://localhost/vidly_tests...","timestamp":"2022-08-29T08:04:17.753Z"}
{"level":"info","message":"Listening on port 5000","timestamp":"2022-08-29T08:05:12.598Z"}
{"level":"info","message":"Connected to the mongodb://localhost/vidly_tests...","timestamp":"2022-08-29T08:05:12.630Z"}
{"level":"info","message":"Listening on port 5000","timestamp":"2022-08-29T08:05:16.936Z"}
{"level":"info","message":"Connected to the mongodb://localhost/vidly_tests...","timestamp":"2022-08-29T08:05:16.972Z"}
{"level":"info","message":"Listening on port 5000","timestamp":"2022-08-29T08:05:29.100Z"}
{"level":"info","message":"Connected to the mongodb://localhost/vidly_tests...","timestamp":"2022-08-29T08:05:29.136Z"}
{"level":"info","message":"Listening on port 5000","timestamp":"2022-08-29T08:05:35.764Z"}
{"level":"info","message":"Connected to the mongodb://localhost/vidly_tests...","timestamp":"2022-08-29T08:05:35.800Z"}
{"level":"info","message":"Listening on port 5000","timestamp":"2022-08-29T08:05:39.593Z"}
{"level":"info","message":"Connected to the mongodb://localhost/vidly_tests...","timestamp":"2022-08-29T08:05:39.626Z"}
{"level":"info","message":"Listening on port 5000","timestamp":"2022-08-29T08:05:47.602Z"}
{"level":"info","message":"Connected to the mongodb://localhost/vidly_tests...","timestamp":"2022-08-29T08:05:47.653Z"}
{"level":"info","message":"Listening on port 5000","timestamp":"2022-08-29T08:05:51.754Z"}
{"level":"info","message":"Connected to the mongodb://localhost/vidly_tests...","timestamp":"2022-08-29T08:05:51.785Z"}
{"level":"info","message":"Listening on port 5000","timestamp":"2022-08-29T08:20:13.066Z"}
{"level":"info","message":"Connected to the mongodb://localhost/vidly_tests...","timestamp":"2022-08-29T08:20:13.097Z"}
{"level":"info","message":"Listening on port 5000","timestamp":"2022-08-29T08:21:14.762Z"}
{"level":"info","message":"Connected to the mongodb://localhost/vidly_tests...","timestamp":"2022-08-29T08:21:14.792Z"}
{"level":"info","message":"Listening on port 5000","timestamp":"2022-08-29T08:21:41.106Z"}
{"level":"info","message":"Connected to the mongodb://localhost/vidly_tests...","timestamp":"2022-08-29T08:21:41.158Z"}
{"level":"info","message":"Listening on port 5000","timestamp":"2022-08-29T08:21:45.354Z"}
{"level":"info","message":"Connected to the mongodb://localhost/vidly_tests...","timestamp":"2022-08-29T08:21:45.386Z"}
{"level":"info","message":"Listening on port 5000","timestamp":"2022-08-29T08:26:35.645Z"}
{"level":"info","message":"Connected to the mongodb://localhost/vidly_tests...","timestamp":"2022-08-29T08:26:35.682Z"}
{"level":"info","message":"Listening on port 5000...","timestamp":"2022-08-29T08:41:07.352Z"}
{"level":"info","message":"Connected to the mongodb://localhost/vidly_tests...","timestamp":"2022-08-29T08:41:07.381Z"}
{"level":"info","message":"Listening on port 5000...😊","timestamp":"2022-08-29T08:41:53.474Z"}
{"level":"info","message":"Connected to the mongodb://localhost/vidly_tests...","timestamp":"2022-08-29T08:41:53.504Z"}
{"level":"info","message":"Listening on port 5000...😊","timestamp":"2022-08-29T11:18:53.697Z"}
{"level":"info","message":"Connected to the mongodb://localhost/vidly_tests...","timestamp":"2022-08-29T11:18:53.734Z"}
